TN:
SF:src\modules\appointments\services\CreateAppointmentsService.ts
FN:11,(anonymous_18)
FN:13,CreateAppointmentsService
FN:18,(anonymous_20)
FNF:3
FNH:3
FNDA:1,(anonymous_18)
FNDA:3,CreateAppointmentsService
FNDA:4,(anonymous_20)
DA:1,1
DA:2,1
DA:8,1
DA:11,1
DA:15,3
DA:18,4
DA:20,4
DA:24,4
DA:25,3
DA:27,1
DA:28,0
DA:30,1
DA:31,0
DA:33,1
DA:35,1
DA:36,1
DA:37,0
DA:39,1
DA:41,1
DA:44,1
LF:20
LH:17
BRDA:24,0,0,3
BRDA:24,0,1,1
BRDA:27,1,0,0
BRDA:27,1,1,1
BRDA:30,2,0,0
BRDA:30,2,1,1
BRDA:30,3,0,1
BRDA:30,3,1,1
BRDA:36,4,0,0
BRDA:36,4,1,1
BRF:10
BRH:7
end_of_record
TN:
SF:src\modules\appointments\services\ListProviderDayAvailabilityService.ts
FN:21,(anonymous_17)
FN:23,ListProviderDayAvailabilityService
FN:28,(anonymous_19)
FN:38,(anonymous_22)
FN:42,(anonymous_23)
FN:44,(anonymous_24)
FNF:6
FNH:6
FNDA:1,(anonymous_17)
FNDA:1,ListProviderDayAvailabilityService
FNDA:1,(anonymous_19)
FNDA:10,(anonymous_22)
FNDA:10,(anonymous_23)
FNDA:19,(anonymous_24)
DA:1,1
DA:2,1
DA:21,1
DA:25,1
DA:28,1
DA:30,1
DA:31,1
DA:35,1
DA:37,1
DA:38,10
DA:40,1
DA:42,1
DA:43,10
DA:44,19
DA:47,10
DA:49,10
DA:51,10
DA:54,1
DA:57,1
DA:59,1
LF:20
LH:20
BRDA:49,0,0,10
BRDA:49,0,1,8
BRF:2
BRH:2
end_of_record
TN:
SF:src\modules\appointments\services\ListProviderMonthAvailabilityService.ts
FN:27,(anonymous_17)
FN:29,ListProviderMonthAvailabilityService
FN:34,(anonymous_19)
FN:41,(anonymous_22)
FN:43,(anonymous_23)
FN:44,(anonymous_24)
FNF:6
FNH:6
FNDA:1,(anonymous_17)
FNDA:1,ListProviderMonthAvailabilityService
FNDA:1,(anonymous_19)
FNDA:31,(anonymous_22)
FNDA:31,(anonymous_23)
FNDA:341,(anonymous_24)
DA:1,1
DA:2,1
DA:27,1
DA:31,1
DA:34,1
DA:35,1
DA:39,1
DA:41,31
DA:43,1
DA:44,31
DA:45,341
DA:48,31
DA:51,1
DA:54,1
DA:56,1
LF:15
LH:15
BRDA:35,0,0,1
BRF:1
BRH:1
end_of_record
TN:
SF:src\modules\appointments\services\ListProvidersService.ts
FN:12,(anonymous_17)
FN:14,ListProvidersService
FN:19,(anonymous_19)
FNF:3
FNH:3
FNDA:1,(anonymous_17)
FNDA:1,ListProvidersService
FNDA:1,(anonymous_19)
DA:1,1
DA:12,1
DA:16,1
DA:19,1
DA:20,1
DA:24,1
DA:27,1
DA:29,1
LF:8
LH:8
BRDA:20,0,0,1
BRF:1
BRH:1
end_of_record
TN:
SF:src\modules\appointments\services\users\infra\http\controllers\ForgotPasswordController.ts
FN:6,(anonymous_14)
FN:8,(anonymous_16)
FNF:2
FNH:0
FNDA:0,(anonymous_14)
FNDA:0,(anonymous_16)
DA:2,0
DA:4,0
DA:6,0
DA:8,0
DA:9,0
DA:11,0
DA:13,0
DA:15,0
DA:18,0
LF:9
LH:0
BRF:0
BRH:0
end_of_record
TN:
SF:src\modules\appointments\services\users\infra\http\controllers\ProfileController.ts
FN:8,(anonymous_14)
FN:11,(anonymous_16)
FN:23,(anonymous_19)
FNF:3
FNH:0
FNDA:0,(anonymous_14)
FNDA:0,(anonymous_16)
FNDA:0,(anonymous_19)
DA:3,0
DA:5,0
DA:6,0
DA:8,0
DA:11,0
DA:12,0
DA:13,0
DA:15,0
DA:19,0
DA:23,0
DA:24,0
DA:26,0
DA:28,0
DA:30,0
DA:32,0
DA:36,0
DA:39,0
LF:17
LH:0
BRF:0
BRH:0
end_of_record
TN:
SF:src\modules\appointments\services\users\infra\http\controllers\ResetPasswordController.ts
FN:6,(anonymous_14)
FN:8,(anonymous_16)
FNF:2
FNH:0
FNDA:0,(anonymous_14)
FNDA:0,(anonymous_16)
DA:2,0
DA:4,0
DA:6,0
DA:8,0
DA:9,0
DA:11,0
DA:13,0
DA:15,0
DA:17,0
DA:20,0
LF:10
LH:0
BRF:0
BRH:0
end_of_record
TN:
SF:src\modules\appointments\services\users\infra\http\controllers\SessionsController.ts
FN:6,(anonymous_14)
FN:8,(anonymous_16)
FNF:2
FNH:0
FNDA:0,(anonymous_14)
FNDA:0,(anonymous_16)
DA:2,0
DA:4,0
DA:6,0
DA:8,0
DA:9,0
DA:11,0
DA:12,0
DA:14,0
DA:17,0
LF:9
LH:0
BRF:0
BRH:0
end_of_record
TN:
SF:src\modules\appointments\services\users\infra\http\controllers\UsersController.ts
FN:8,(anonymous_14)
FN:10,(anonymous_16)
FN:19,(anonymous_19)
FN:30,(anonymous_22)
FNF:4
FNH:0
FNDA:0,(anonymous_14)
FNDA:0,(anonymous_16)
FNDA:0,(anonymous_19)
FNDA:0,(anonymous_22)
DA:3,0
DA:5,0
DA:6,0
DA:8,0
DA:10,0
DA:11,0
DA:13,0
DA:15,0
DA:19,0
DA:20,0
DA:22,0
DA:24,0
DA:26,0
DA:30,0
DA:31,0
DA:33,0
DA:38,0
DA:41,0
LF:18
LH:0
BRF:0
BRH:0
end_of_record
TN:
SF:src\modules\appointments\services\users\infra\http\middlewares\checkAuthentication.ts
FN:13,checkAuthentication
FNF:1
FNH:0
FNDA:0,checkAuthentication
DA:2,0
DA:4,0
DA:5,0
DA:15,0
DA:17,0
DA:18,0
DA:20,0
DA:22,0
DA:23,0
DA:25,0
DA:27,0
DA:29,0
DA:31,0
DA:35,0
LF:14
LH:0
BRDA:17,0,0,0
BRDA:17,0,1,0
BRF:2
BRH:0
end_of_record
TN:
SF:src\modules\appointments\services\users\infra\http\routes\password.routes.ts
FNF:0
FNH:0
DA:1,0
DA:3,0
DA:4,0
DA:6,0
DA:8,0
DA:9,0
DA:11,0
DA:12,0
DA:14,0
LF:9
LH:0
BRF:0
BRH:0
end_of_record
TN:
SF:src\modules\appointments\services\users\infra\http\routes\profile.routes.ts
FNF:0
FNH:0
DA:1,0
DA:3,0
DA:4,0
DA:6,0
DA:7,0
DA:9,0
DA:11,0
DA:12,0
DA:14,0
LF:9
LH:0
BRF:0
BRH:0
end_of_record
TN:
SF:src\modules\appointments\services\users\infra\http\routes\sessions.routes.ts
FNF:0
FNH:0
DA:1,0
DA:3,0
DA:5,0
DA:6,0
DA:8,0
DA:10,0
LF:6
LH:0
BRF:0
BRH:0
end_of_record
TN:
SF:src\modules\appointments\services\users\infra\http\routes\users.routes.ts
FNF:0
FNH:0
DA:1,0
DA:2,0
DA:4,0
DA:5,0
DA:6,0
DA:8,0
DA:9,0
DA:10,0
DA:12,0
DA:14,0
DA:16,0
DA:22,0
LF:12
LH:0
BRF:0
BRH:0
end_of_record
TN:
SF:src\modules\appointments\services\users\infra\typeorm\entities\User.ts
FN:10,(anonymous_2)
FNF:1
FNH:0
FNDA:0,(anonymous_2)
DA:1,0
DA:10,0
DA:13,0
DA:16,0
DA:19,0
DA:22,0
DA:25,0
DA:28,0
DA:31,0
DA:32,0
DA:34,0
LF:11
LH:0
BRF:0
BRH:0
end_of_record
TN:
SF:src\modules\appointments\services\users\infra\typeorm\entities\UserToken.ts
FN:11,(anonymous_2)
FNF:1
FNH:0
FNDA:0,(anonymous_2)
DA:1,0
DA:11,0
DA:14,0
DA:18,0
DA:21,0
DA:24,0
DA:27,0
DA:28,0
LF:8
LH:0
BRF:0
BRH:0
end_of_record
TN:
SF:src\modules\appointments\services\users\infra\typeorm\repositories\UserTokensRepository.ts
FN:7,(anonymous_14)
FN:10,UserTokensRepository
FN:14,(anonymous_16)
FN:19,(anonymous_19)
FNF:4
FNH:0
FNDA:0,(anonymous_14)
FNDA:0,UserTokensRepository
FNDA:0,(anonymous_16)
FNDA:0,(anonymous_19)
DA:2,0
DA:5,0
DA:7,0
DA:11,0
DA:14,0
DA:15,0
DA:16,0
DA:19,0
DA:20,0
DA:21,0
DA:23,0
DA:26,0
DA:28,0
LF:13
LH:0
BRDA:15,0,0,0
BRDA:20,1,0,0
BRF:2
BRH:0
end_of_record
TN:
SF:src\modules\appointments\services\users\infra\typeorm\repositories\UsersRepository.ts
FN:7,(anonymous_14)
FN:10,UsersRepository
FN:14,(anonymous_16)
FN:23,(anonymous_19)
FN:28,(anonymous_22)
FN:33,(anonymous_25)
FN:41,(anonymous_28)
FNF:7
FNH:0
FNDA:0,(anonymous_14)
FNDA:0,UsersRepository
FNDA:0,(anonymous_16)
FNDA:0,(anonymous_19)
FNDA:0,(anonymous_22)
FNDA:0,(anonymous_25)
FNDA:0,(anonymous_28)
DA:1,0
DA:3,0
DA:7,0
DA:11,0
DA:14,0
DA:15,0
DA:19,0
DA:20,0
DA:23,0
DA:24,0
DA:25,0
DA:28,0
DA:29,0
DA:30,0
DA:33,0
DA:34,0
DA:36,0
DA:38,0
DA:41,0
DA:42,0
DA:45,0
DA:47,0
LF:22
LH:0
BRDA:16,0,0,0
BRDA:16,0,1,0
BRDA:24,1,0,0
BRDA:29,2,0,0
BRF:4
BRH:0
end_of_record
TN:
SF:src\modules\appointments\services\users\providers\index.ts
FNF:0
FNH:0
DA:1,0
DA:4,0
DA:6,0
LF:3
LH:0
BRF:0
BRH:0
end_of_record
TN:
SF:src\modules\appointments\services\users\providers\HashProvider\fakes\FakeHashProvider.ts
FN:3,(anonymous_13)
FN:5,(anonymous_15)
FN:9,(anonymous_18)
FNF:3
FNH:3
FNDA:21,(anonymous_13)
FNDA:6,(anonymous_15)
FNDA:4,(anonymous_18)
DA:3,4
DA:5,4
DA:6,6
DA:9,4
DA:10,4
DA:13,4
LF:6
LH:6
BRF:0
BRH:0
end_of_record
TN:
SF:src\modules\appointments\services\users\providers\HashProvider\implementations\BCryptHashProvider.ts
FN:4,(anonymous_13)
FN:6,(anonymous_15)
FN:10,(anonymous_18)
FNF:3
FNH:0
FNDA:0,(anonymous_13)
FNDA:0,(anonymous_15)
FNDA:0,(anonymous_18)
DA:1,0
DA:4,0
DA:6,0
DA:7,0
DA:10,0
DA:11,0
DA:14,0
LF:7
LH:0
BRF:0
BRH:0
end_of_record
TN:
SF:src\modules\appointments\services\users\repositories\fakes\FakeUserRepository.ts
FN:7,(anonymous_14)
FN:11,(anonymous_16)
FN:15,(anonymous_19)
FN:20,(anonymous_20)
FN:21,(anonymous_23)
FN:25,(anonymous_24)
FN:26,(anonymous_27)
FN:30,(anonymous_28)
FN:40,(anonymous_31)
FN:41,(anonymous_34)
FNF:10
FNH:0
FNDA:0,(anonymous_14)
FNDA:0,(anonymous_16)
FNDA:0,(anonymous_19)
FNDA:0,(anonymous_20)
FNDA:0,(anonymous_23)
FNDA:0,(anonymous_24)
FNDA:0,(anonymous_27)
FNDA:0,(anonymous_28)
FNDA:0,(anonymous_31)
FNDA:0,(anonymous_34)
DA:1,0
DA:3,0
DA:7,0
DA:9,0
DA:11,0
DA:12,0
DA:14,0
DA:15,0
DA:17,0
DA:20,0
DA:21,0
DA:22,0
DA:25,0
DA:26,0
DA:27,0
DA:30,0
DA:31,0
DA:33,0
DA:35,0
DA:37,0
DA:40,0
DA:41,0
DA:42,0
DA:44,0
DA:47,0
DA:49,0
LF:26
LH:0
BRDA:14,0,0,0
BRDA:14,0,1,0
BRF:2
BRH:0
end_of_record
TN:
SF:src\modules\appointments\services\users\repositories\fakes\FakeUserTokensRepository.ts
FN:6,(anonymous_14)
FN:10,(anonymous_16)
FN:26,(anonymous_19)
FN:27,(anonymous_22)
FNF:4
FNH:0
FNDA:0,(anonymous_14)
FNDA:0,(anonymous_16)
FNDA:0,(anonymous_19)
FNDA:0,(anonymous_22)
DA:1,0
DA:3,0
DA:6,0
DA:8,0
DA:10,0
DA:11,0
DA:13,0
DA:21,0
DA:23,0
DA:26,0
DA:27,0
DA:28,0
DA:31,0
DA:33,0
LF:14
LH:0
BRF:0
BRH:0
end_of_record
TN:
SF:src\modules\appointments\services\users\services\ResetPasswordService.ts
FN:16,(anonymous_18)
FN:18,ResetPasswordService
FN:29,(anonymous_20)
FNF:3
FNH:3
FNDA:1,(anonymous_18)
FNDA:4,ResetPasswordService
FNDA:4,(anonymous_20)
DA:1,1
DA:2,1
DA:4,1
DA:16,1
DA:20,4
DA:23,4
DA:26,4
DA:29,4
DA:30,4
DA:32,4
DA:33,1
DA:35,3
DA:37,3
DA:38,1
DA:40,2
DA:41,2
DA:43,2
DA:44,1
DA:46,1
DA:48,2
DA:51,1
DA:53,1
LF:22
LH:22
BRDA:30,0,0,4
BRDA:32,1,0,1
BRDA:32,1,1,3
BRDA:37,2,0,1
BRDA:37,2,1,2
BRDA:43,3,0,1
BRDA:43,3,1,1
BRF:7
BRH:7
end_of_record
TN:
SF:src\modules\appointments\services\users\services\SendForgotPasswordEmailService.ts
FN:15,(anonymous_18)
FN:17,SendForgotPasswordEmailService
FN:28,(anonymous_20)
FNF:3
FNH:3
FNDA:1,(anonymous_18)
FNDA:3,SendForgotPasswordEmailService
FNDA:3,(anonymous_20)
DA:1,1
DA:2,1
DA:8,1
DA:15,1
DA:19,3
DA:22,3
DA:25,3
DA:28,3
DA:29,3
DA:31,3
DA:32,1
DA:34,2
DA:36,2
DA:38,4
DA:54,1
DA:56,1
LF:16
LH:16
BRDA:29,0,0,3
BRDA:31,1,0,1
BRDA:31,1,1,2
BRF:3
BRH:3
end_of_record
TN:
SF:src\modules\appointments\services\users\services\SessionsServices.ts
FN:22,(anonymous_18)
FN:24,SessionsServices
FN:32,(anonymous_20)
FNF:3
FNH:3
FNDA:1,(anonymous_18)
FNDA:4,SessionsServices
FNDA:3,(anonymous_20)
DA:2,1
DA:4,1
DA:5,1
DA:9,1
DA:22,1
DA:26,4
DA:29,4
DA:32,3
DA:34,3
DA:36,3
DA:37,1
DA:39,2
DA:43,2
DA:45,2
DA:46,1
DA:48,1
DA:50,1
DA:57,1
DA:60,1
DA:62,1
LF:20
LH:20
BRDA:34,0,0,3
BRDA:36,1,0,1
BRDA:36,1,1,2
BRDA:45,2,0,1
BRDA:45,2,1,1
BRF:5
BRH:5
end_of_record
TN:
SF:src\modules\appointments\services\users\services\ShowProfileService.ts
FN:15,(anonymous_18)
FN:17,ShowProfileService
FN:22,(anonymous_20)
FNF:3
FNH:3
FNDA:1,(anonymous_18)
FNDA:2,ShowProfileService
FNDA:2,(anonymous_20)
DA:1,1
DA:8,1
DA:15,1
DA:19,2
DA:22,2
DA:23,2
DA:25,2
DA:26,1
DA:28,1
DA:31,1
DA:33,1
LF:11
LH:11
BRDA:23,0,0,2
BRDA:25,1,0,1
BRDA:25,1,1,1
BRF:3
BRH:3
end_of_record
TN:
SF:src\modules\appointments\services\users\services\UpdateProfileService.ts
FN:20,(anonymous_18)
FN:22,UpdateProfileService
FN:30,(anonymous_20)
FNF:3
FNH:3
FNDA:1,(anonymous_18)
FNDA:6,UpdateProfileService
FNDA:6,(anonymous_20)
DA:1,1
DA:9,1
DA:20,1
DA:24,6
DA:27,6
DA:30,6
DA:31,6
DA:33,6
DA:34,1
DA:36,5
DA:38,5
DA:39,1
DA:41,4
DA:42,4
DA:44,4
DA:45,1
DA:47,4
DA:48,2
DA:49,1
DA:52,3
DA:53,1
DA:55,2
DA:58,1
DA:60,1
LF:24
LH:24
BRDA:31,0,0,6
BRDA:31,0,1,2
BRDA:33,1,0,1
BRDA:33,1,1,5
BRDA:38,2,0,1
BRDA:38,2,1,4
BRDA:38,3,0,5
BRDA:38,3,1,4
BRDA:44,4,0,1
BRDA:44,4,1,3
BRDA:44,5,0,4
BRDA:44,5,1,3
BRDA:47,6,0,1
BRDA:47,6,1,2
BRDA:47,7,0,3
BRDA:47,7,1,2
BRDA:48,8,0,1
BRDA:48,8,1,1
BRDA:52,9,0,1
BRDA:52,9,1,1
BRF:20
BRH:20
end_of_record
TN:
SF:src\modules\appointments\services\users\services\UserAvatarsServices.ts
FN:16,(anonymous_18)
FN:18,UserAvatarsServices
FN:26,(anonymous_20)
FNF:3
FNH:3
FNDA:1,(anonymous_18)
FNDA:3,UserAvatarsServices
FNDA:4,(anonymous_20)
DA:3,1
DA:12,1
DA:16,1
DA:20,3
DA:23,3
DA:26,4
DA:28,4
DA:30,4
DA:31,1
DA:33,5
DA:34,2
DA:36,3
DA:38,3
DA:40,6
DA:42,3
DA:46,1
DA:48,1
LF:17
LH:17
BRDA:28,0,0,4
BRDA:28,0,1,3
BRDA:30,1,0,1
BRDA:30,1,1,3
BRDA:33,2,0,2
BRDA:33,2,1,1
BRF:6
BRH:6
end_of_record
TN:
SF:src\modules\appointments\services\users\services\UsersServices.ts
FN:11,(anonymous_18)
FN:13,UsersServices
FN:21,(anonymous_20)
FN:25,(anonymous_23)
FNF:4
FNH:4
FNDA:2,(anonymous_18)
FNDA:7,UsersServices
FNDA:1,(anonymous_20)
FNDA:5,(anonymous_23)
DA:1,2
DA:6,2
DA:11,2
DA:15,7
DA:18,7
DA:21,2
DA:22,1
DA:25,5
DA:27,5
DA:29,5
DA:30,1
DA:32,4
DA:34,4
DA:38,4
DA:42,2
DA:44,2
LF:16
LH:16
BRDA:27,0,0,5
BRDA:29,1,0,1
BRDA:29,1,1,4
BRF:3
BRH:3
end_of_record
TN:
SF:src\modules\users\services\ResetPasswordService.ts
FN:16,(anonymous_18)
FN:18,ResetPasswordService
FN:29,(anonymous_20)
FNF:3
FNH:3
FNDA:1,(anonymous_18)
FNDA:4,ResetPasswordService
FNDA:4,(anonymous_20)
DA:1,1
DA:2,1
DA:4,1
DA:16,1
DA:20,4
DA:23,4
DA:26,4
DA:29,4
DA:30,4
DA:32,4
DA:33,1
DA:35,3
DA:37,3
DA:38,1
DA:40,2
DA:41,2
DA:43,2
DA:44,1
DA:46,1
DA:48,2
DA:51,1
DA:53,1
LF:22
LH:22
BRDA:30,0,0,4
BRDA:32,1,0,1
BRDA:32,1,1,3
BRDA:37,2,0,1
BRDA:37,2,1,2
BRDA:43,3,0,1
BRDA:43,3,1,1
BRF:7
BRH:7
end_of_record
TN:
SF:src\modules\users\services\SendForgotPasswordEmailService.ts
FN:15,(anonymous_18)
FN:17,SendForgotPasswordEmailService
FN:28,(anonymous_20)
FNF:3
FNH:3
FNDA:1,(anonymous_18)
FNDA:3,SendForgotPasswordEmailService
FNDA:3,(anonymous_20)
DA:1,1
DA:2,1
DA:8,1
DA:15,1
DA:19,3
DA:22,3
DA:25,3
DA:28,3
DA:29,3
DA:31,3
DA:32,1
DA:34,2
DA:36,2
DA:38,4
DA:54,1
DA:56,1
LF:16
LH:16
BRDA:29,0,0,3
BRDA:31,1,0,1
BRDA:31,1,1,2
BRF:3
BRH:3
end_of_record
TN:
SF:src\modules\users\services\SessionsServices.ts
FN:22,(anonymous_18)
FN:24,SessionsServices
FN:32,(anonymous_20)
FNF:3
FNH:3
FNDA:1,(anonymous_18)
FNDA:4,SessionsServices
FNDA:3,(anonymous_20)
DA:2,1
DA:4,1
DA:5,1
DA:9,1
DA:22,1
DA:26,4
DA:29,4
DA:32,3
DA:34,3
DA:36,3
DA:37,1
DA:43,2
DA:45,2
DA:46,1
DA:49,1
DA:51,1
DA:58,1
DA:61,1
DA:63,1
LF:19
LH:19
BRDA:34,0,0,3
BRDA:36,1,0,1
BRDA:36,1,1,2
BRDA:45,2,0,1
BRDA:45,2,1,1
BRF:5
BRH:5
end_of_record
TN:
SF:src\modules\users\services\ShowProfileService.ts
FN:15,(anonymous_18)
FN:17,ShowProfileService
FN:22,(anonymous_20)
FNF:3
FNH:3
FNDA:1,(anonymous_18)
FNDA:2,ShowProfileService
FNDA:2,(anonymous_20)
DA:1,1
DA:8,1
DA:15,1
DA:19,2
DA:22,2
DA:23,2
DA:25,2
DA:26,1
DA:28,1
DA:31,1
DA:33,1
LF:11
LH:11
BRDA:23,0,0,2
BRDA:25,1,0,1
BRDA:25,1,1,1
BRF:3
BRH:3
end_of_record
TN:
SF:src\modules\users\services\UpdateProfileService.ts
FN:20,(anonymous_18)
FN:22,UpdateProfileService
FN:30,(anonymous_20)
FNF:3
FNH:3
FNDA:1,(anonymous_18)
FNDA:6,UpdateProfileService
FNDA:6,(anonymous_20)
DA:1,1
DA:9,1
DA:20,1
DA:24,6
DA:27,6
DA:30,6
DA:31,6
DA:33,6
DA:34,1
DA:36,5
DA:38,5
DA:39,1
DA:41,4
DA:42,4
DA:44,4
DA:45,1
DA:47,4
DA:48,2
DA:49,1
DA:52,3
DA:53,1
DA:55,2
DA:58,1
DA:60,1
LF:24
LH:24
BRDA:31,0,0,6
BRDA:31,0,1,2
BRDA:33,1,0,1
BRDA:33,1,1,5
BRDA:38,2,0,1
BRDA:38,2,1,4
BRDA:38,3,0,5
BRDA:38,3,1,4
BRDA:44,4,0,1
BRDA:44,4,1,3
BRDA:44,5,0,4
BRDA:44,5,1,3
BRDA:47,6,0,1
BRDA:47,6,1,2
BRDA:47,7,0,3
BRDA:47,7,1,2
BRDA:48,8,0,1
BRDA:48,8,1,1
BRDA:52,9,0,1
BRDA:52,9,1,1
BRF:20
BRH:20
end_of_record
TN:
SF:src\modules\users\services\UserAvatarsServices.ts
FN:16,(anonymous_18)
FN:18,UserAvatarsServices
FN:26,(anonymous_20)
FNF:3
FNH:3
FNDA:1,(anonymous_18)
FNDA:3,UserAvatarsServices
FNDA:4,(anonymous_20)
DA:3,1
DA:12,1
DA:16,1
DA:20,3
DA:23,3
DA:26,4
DA:28,4
DA:30,4
DA:31,1
DA:33,5
DA:34,2
DA:36,3
DA:38,3
DA:40,6
DA:42,3
DA:46,1
DA:48,1
LF:17
LH:17
BRDA:28,0,0,4
BRDA:28,0,1,3
BRDA:30,1,0,1
BRDA:30,1,1,3
BRDA:33,2,0,2
BRDA:33,2,1,1
BRF:6
BRH:6
end_of_record
TN:
SF:src\modules\users\services\UsersServices.ts
FN:11,(anonymous_18)
FN:13,UsersServices
FN:21,(anonymous_20)
FN:25,(anonymous_23)
FNF:4
FNH:4
FNDA:2,(anonymous_18)
FNDA:7,UsersServices
FNDA:1,(anonymous_20)
FNDA:5,(anonymous_23)
DA:1,2
DA:6,2
DA:11,2
DA:15,7
DA:18,7
DA:21,2
DA:22,1
DA:25,5
DA:27,5
DA:29,5
DA:30,1
DA:32,4
DA:34,4
DA:38,4
DA:42,2
DA:44,2
LF:16
LH:16
BRDA:27,0,0,5
BRDA:29,1,0,1
BRDA:29,1,1,4
BRF:3
BRH:3
end_of_record
